  Application.cpp
C:\Users\polcb2\Documents\GitHub\FisicaWorms\Fisica Worms\Physics II - 2D Project Clean Template\Application.cpp(110,17): warning C4244: 'initializing': conversion from 'double' to 'uint32', possible loss of data
C:\Users\polcb2\Documents\GitHub\FisicaWorms\Fisica Worms\Physics II - 2D Project Clean Template\Application.cpp(121,17): warning C4244: 'initializing': conversion from 'double' to 'uint32', possible loss of data
C:\Users\polcb2\Documents\GitHub\FisicaWorms\Fisica Worms\Physics II - 2D Project Clean Template\Application.cpp(124,22): warning C4244: '=': conversion from 'double' to 'uint32', possible loss of data
C:\Users\polcb2\Documents\GitHub\FisicaWorms\Fisica Worms\Physics II - 2D Project Clean Template\Application.cpp(125,8): warning C4244: '=': conversion from 'double' to 'float', possible loss of data
  Ball.cpp
C:\Users\polcb2\Documents\GitHub\FisicaWorms\Fisica Worms\Physics II - 2D Project Clean Template\Ball.cpp(21,59): warning C4244: 'argument': conversion from 'TYPE' to 'int', possible loss of data
          with
          [
              TYPE=float
          ]
C:\Users\polcb2\Documents\GitHub\FisicaWorms\Fisica Worms\Physics II - 2D Project Clean Template\Ball.cpp(21,42): warning C4244: 'argument': conversion from 'TYPE' to 'int', possible loss of data
          with
          [
              TYPE=float
          ]
C:\Users\polcb2\Documents\GitHub\FisicaWorms\Fisica Worms\Physics II - 2D Project Clean Template\Ball.cpp(31,47): warning C4244: '=': conversion from 'int' to 'TYPE', possible loss of data
          with
          [
              TYPE=float
          ]
C:\Users\polcb2\Documents\GitHub\FisicaWorms\Fisica Worms\Physics II - 2D Project Clean Template\Ball.cpp(32,47): warning C4244: '=': conversion from 'int' to 'TYPE', possible loss of data
          with
          [
              TYPE=float
          ]
  Main.cpp
  ModuleAudio.cpp
  ModuleInput.cpp
  ModulePhysics.cpp
C:\Program Files (x86)\Microsoft Visual Studio\2019\Community\VC\Tools\MSVC\14.29.30133\include\vector(775,1): warning C4530: C++ exception handler used, but unwind semantics are not enabled. Specify /EHsc
C:\Program Files (x86)\Microsoft Visual Studio\2019\Community\VC\Tools\MSVC\14.29.30133\include\vector(734): message : see reference to function template instantiation 'PhysicEntity **std::vector<PhysicEntity *,std::allocator<PhysicEntity *>>::_Emplace_reallocate<const _Ty&>(PhysicEntity **const ,const _Ty &)' being compiled
          with
          [
              _Ty=PhysicEntity *
          ]
C:\Program Files (x86)\Microsoft Visual Studio\2019\Community\VC\Tools\MSVC\14.29.30133\include\vector(734): message : see reference to function template instantiation 'PhysicEntity **std::vector<PhysicEntity *,std::allocator<PhysicEntity *>>::_Emplace_reallocate<const _Ty&>(PhysicEntity **const ,const _Ty &)' being compiled
          with
          [
              _Ty=PhysicEntity *
          ]
C:\Program Files (x86)\Microsoft Visual Studio\2019\Community\VC\Tools\MSVC\14.29.30133\include\vector(743): message : see reference to function template instantiation 'void std::vector<PhysicEntity *,std::allocator<PhysicEntity *>>::emplace_back<const _Ty&>(const _Ty &)' being compiled
          with
          [
              _Ty=PhysicEntity *
          ]
C:\Program Files (x86)\Microsoft Visual Studio\2019\Community\VC\Tools\MSVC\14.29.30133\include\vector(742): message : while compiling class template member function 'void std::vector<PhysicEntity *,std::allocator<PhysicEntity *>>::push_back(const _Ty &)'
          with
          [
              _Ty=PhysicEntity *
          ]
C:\Users\polcb2\Documents\GitHub\FisicaWorms\Fisica Worms\Physics II - 2D Project Clean Template\ModulePhysics.cpp(28): message : see reference to function template instantiation 'void std::vector<PhysicEntity *,std::allocator<PhysicEntity *>>::push_back(const _Ty &)' being compiled
          with
          [
              _Ty=PhysicEntity *
          ]
C:\Users\polcb2\Documents\GitHub\FisicaWorms\Fisica Worms\Physics II - 2D Project Clean Template\ModulePhysics.cpp(28): message : see reference to class template instantiation 'std::vector<PhysicEntity *,std::allocator<PhysicEntity *>>' being compiled
  ModulePlayer.cpp
  ModuleRender.cpp
  ModuleSceneIntro.cpp
C:\Users\polcb2\Documents\GitHub\FisicaWorms\Fisica Worms\Physics II - 2D Project Clean Template\ModuleSceneIntro.cpp(62,13): warning C4244: '=': conversion from 'float' to 'int', possible loss of data
C:\Users\polcb2\Documents\GitHub\FisicaWorms\Fisica Worms\Physics II - 2D Project Clean Template\ModuleSceneIntro.cpp(67,13): warning C4244: '=': conversion from 'float' to 'int', possible loss of data
  ModuleTextures.cpp
  ModuleWindow.cpp
  PhysicEntity.cpp
  Generating Code...
  SDL Game.vcxproj -> C:\Users\polcb2\Documents\GitHub\FisicaWorms\Fisica Worms\Physics II - 2D Project Clean Template\Debug\Physics 2.exe
