  Application.cpp
C:\Users\joanmb11\Documents\GitHub\FisicaWorms\Fisica Worms\Physics II - 2D Project Clean Template\Application.cpp(110,17): warning C4244: 'initializing': conversion from 'double' to 'uint32', possible loss of data
C:\Users\joanmb11\Documents\GitHub\FisicaWorms\Fisica Worms\Physics II - 2D Project Clean Template\Application.cpp(121,17): warning C4244: 'initializing': conversion from 'double' to 'uint32', possible loss of data
C:\Users\joanmb11\Documents\GitHub\FisicaWorms\Fisica Worms\Physics II - 2D Project Clean Template\Application.cpp(124,22): warning C4244: '=': conversion from 'double' to 'uint32', possible loss of data
C:\Users\joanmb11\Documents\GitHub\FisicaWorms\Fisica Worms\Physics II - 2D Project Clean Template\Application.cpp(125,8): warning C4244: '=': conversion from 'double' to 'float', possible loss of data
  Ball.cpp
C:\Users\joanmb11\Documents\GitHub\FisicaWorms\Fisica Worms\Physics II - 2D Project Clean Template\Ball.cpp(11,28): warning C4244: '=': conversion from 'double' to 'float', possible loss of data
C:\Users\joanmb11\Documents\GitHub\FisicaWorms\Fisica Worms\Physics II - 2D Project Clean Template\Ball.cpp(12,32): warning C4244: '=': conversion from 'double' to 'float', possible loss of data
C:\Users\joanmb11\Documents\GitHub\FisicaWorms\Fisica Worms\Physics II - 2D Project Clean Template\Ball.cpp(30,60): warning C4244: 'argument': conversion from 'TYPE' to 'int', possible loss of data
          with
          [
              TYPE=float
          ]
C:\Users\joanmb11\Documents\GitHub\FisicaWorms\Fisica Worms\Physics II - 2D Project Clean Template\Ball.cpp(30,43): warning C4244: 'argument': conversion from 'TYPE' to 'int', possible loss of data
          with
          [
              TYPE=float
          ]
C:\Users\joanmb11\Documents\GitHub\FisicaWorms\Fisica Worms\Physics II - 2D Project Clean Template\Ball.cpp(34,59): warning C4244: 'argument': conversion from 'TYPE' to 'int', possible loss of data
          with
          [
              TYPE=float
          ]
C:\Users\joanmb11\Documents\GitHub\FisicaWorms\Fisica Worms\Physics II - 2D Project Clean Template\Ball.cpp(34,42): warning C4244: 'argument': conversion from 'TYPE' to 'int', possible loss of data
          with
          [
              TYPE=float
          ]
C:\Users\joanmb11\Documents\GitHub\FisicaWorms\Fisica Worms\Physics II - 2D Project Clean Template\Ball.cpp(37,28): warning C4244: '=': conversion from 'TYPE' to 'int', possible loss of data
          with
          [
              TYPE=float
          ]
C:\Users\joanmb11\Documents\GitHub\FisicaWorms\Fisica Worms\Physics II - 2D Project Clean Template\Ball.cpp(38,28): warning C4244: '=': conversion from 'TYPE' to 'int', possible loss of data
          with
          [
              TYPE=float
          ]
C:\Users\joanmb11\Documents\GitHub\FisicaWorms\Fisica Worms\Physics II - 2D Project Clean Template\Ball.cpp(53,47): warning C4244: '=': conversion from 'int' to 'TYPE', possible loss of data
          with
          [
              TYPE=float
          ]
C:\Users\joanmb11\Documents\GitHub\FisicaWorms\Fisica Worms\Physics II - 2D Project Clean Template\Ball.cpp(54,47): warning C4244: '=': conversion from 'int' to 'TYPE', possible loss of data
          with
          [
              TYPE=float
          ]
  Main.cpp
  ModuleAudio.cpp
  ModuleInput.cpp
  ModulePhysics.cpp
C:\Users\joanmb11\Documents\GitHub\FisicaWorms\Fisica Worms\Physics II - 2D Project Clean Template\ModulePhysics.cpp(186,16): warning C4244: 'initializing': conversion from 'double' to 'float', possible loss of data
C:\Users\joanmb11\Documents\GitHub\FisicaWorms\Fisica Worms\Physics II - 2D Project Clean Template\ModulePhysics.cpp(198,17): warning C4244: 'initializing': conversion from 'double' to 'float', possible loss of data
C:\Users\joanmb11\Documents\GitHub\FisicaWorms\Fisica Worms\Physics II - 2D Project Clean Template\ModulePhysics.cpp(199,17): warning C4244: 'initializing': conversion from 'double' to 'float', possible loss of data
C:\Users\joanmb11\Documents\GitHub\FisicaWorms\Fisica Worms\Physics II - 2D Project Clean Template\ModulePhysics.cpp(295,142): warning C4244: '+=': conversion from 'double' to 'TYPE', possible loss of data
          with
          [
              TYPE=float
          ]
C:\Users\joanmb11\Documents\GitHub\FisicaWorms\Fisica Worms\Physics II - 2D Project Clean Template\ModulePhysics.cpp(300,142): warning C4244: '+=': conversion from 'double' to 'TYPE', possible loss of data
          with
          [
              TYPE=float
          ]
C:\Users\joanmb11\Documents\GitHub\FisicaWorms\Fisica Worms\Physics II - 2D Project Clean Template\ModulePhysics.cpp(315,37): warning C4305: '-=': truncation from 'double' to 'float'
C:\Users\joanmb11\Documents\GitHub\FisicaWorms\Fisica Worms\Physics II - 2D Project Clean Template\ModulePhysics.cpp(377,98): warning C4244: '=': conversion from 'int' to 'TYPE', possible loss of data
          with
          [
              TYPE=float
          ]
  ModulePlayer.cpp
  ModuleRender.cpp
  ModuleSceneIntro.cpp
C:\Users\joanmb11\Documents\GitHub\FisicaWorms\Fisica Worms\Physics II - 2D Project Clean Template\ModuleSceneIntro.cpp(205,31): warning C4244: '=': conversion from 'int' to 'TYPE', possible loss of data
          with
          [
              TYPE=float
          ]
C:\Users\joanmb11\Documents\GitHub\FisicaWorms\Fisica Worms\Physics II - 2D Project Clean Template\ModuleSceneIntro.cpp(206,31): warning C4244: '=': conversion from 'int' to 'TYPE', possible loss of data
          with
          [
              TYPE=float
          ]
C:\Users\joanmb11\Documents\GitHub\FisicaWorms\Fisica Worms\Physics II - 2D Project Clean Template\ModuleSceneIntro.cpp(209,32): warning C4244: '=': conversion from 'int' to 'TYPE', possible loss of data
          with
          [
              TYPE=float
          ]
C:\Users\joanmb11\Documents\GitHub\FisicaWorms\Fisica Worms\Physics II - 2D Project Clean Template\ModuleSceneIntro.cpp(210,32): warning C4244: '=': conversion from 'int' to 'TYPE', possible loss of data
          with
          [
              TYPE=float
          ]
C:\Users\joanmb11\Documents\GitHub\FisicaWorms\Fisica Worms\Physics II - 2D Project Clean Template\ModuleSceneIntro.cpp(239,40): warning C4244: '=': conversion from 'double' to 'float', possible loss of data
C:\Users\joanmb11\Documents\GitHub\FisicaWorms\Fisica Worms\Physics II - 2D Project Clean Template\ModuleSceneIntro.cpp(242,22): warning C4244: '=': conversion from 'double' to 'float', possible loss of data
C:\Users\joanmb11\Documents\GitHub\FisicaWorms\Fisica Worms\Physics II - 2D Project Clean Template\ModuleSceneIntro.cpp(245,22): warning C4244: '=': conversion from 'double' to 'float', possible loss of data
C:\Users\joanmb11\Documents\GitHub\FisicaWorms\Fisica Worms\Physics II - 2D Project Clean Template\ModuleSceneIntro.cpp(248,22): warning C4244: '=': conversion from 'double' to 'float', possible loss of data
C:\Users\joanmb11\Documents\GitHub\FisicaWorms\Fisica Worms\Physics II - 2D Project Clean Template\ModuleSceneIntro.cpp(250,20): warning C4244: '=': conversion from 'double' to 'float', possible loss of data
C:\Users\joanmb11\Documents\GitHub\FisicaWorms\Fisica Worms\Physics II - 2D Project Clean Template\ModuleSceneIntro.cpp(253,58): warning C4244: 'argument': conversion from 'TYPE' to 'int', possible loss of data
          with
          [
              TYPE=float
          ]
C:\Users\joanmb11\Documents\GitHub\FisicaWorms\Fisica Worms\Physics II - 2D Project Clean Template\ModuleSceneIntro.cpp(253,40): warning C4244: 'argument': conversion from 'TYPE' to 'int', possible loss of data
          with
          [
              TYPE=float
          ]
C:\Users\joanmb11\Documents\GitHub\FisicaWorms\Fisica Worms\Physics II - 2D Project Clean Template\ModuleSceneIntro.cpp(273,21): warning C4244: '-=': conversion from 'float' to 'int', possible loss of data
C:\Users\joanmb11\Documents\GitHub\FisicaWorms\Fisica Worms\Physics II - 2D Project Clean Template\ModuleSceneIntro.cpp(278,22): warning C4244: '-=': conversion from 'float' to 'int', possible loss of data
C:\Users\joanmb11\Documents\GitHub\FisicaWorms\Fisica Worms\Physics II - 2D Project Clean Template\ModuleSceneIntro.cpp(287,25): warning C4244: '+=': conversion from 'float' to 'int', possible loss of data
C:\Users\joanmb11\Documents\GitHub\FisicaWorms\Fisica Worms\Physics II - 2D Project Clean Template\ModuleSceneIntro.cpp(292,26): warning C4244: '+=': conversion from 'float' to 'int', possible loss of data
C:\Program Files (x86)\Microsoft Visual Studio\2019\Community\VC\Tools\MSVC\14.29.30133\include\vector(775,1): warning C4530: C++ exception handler used, but unwind semantics are not enabled. Specify /EHsc
C:\Program Files (x86)\Microsoft Visual Studio\2019\Community\VC\Tools\MSVC\14.29.30133\include\vector(734): message : see reference to function template instantiation 'PhysicEntity **std::vector<PhysicEntity *,std::allocator<PhysicEntity *>>::_Emplace_reallocate<_Ty>(PhysicEntity **const ,_Ty &&)' being compiled
          with
          [
              _Ty=PhysicEntity *
          ]
C:\Program Files (x86)\Microsoft Visual Studio\2019\Community\VC\Tools\MSVC\14.29.30133\include\vector(734): message : see reference to function template instantiation 'PhysicEntity **std::vector<PhysicEntity *,std::allocator<PhysicEntity *>>::_Emplace_reallocate<_Ty>(PhysicEntity **const ,_Ty &&)' being compiled
          with
          [
              _Ty=PhysicEntity *
          ]
C:\Program Files (x86)\Microsoft Visual Studio\2019\Community\VC\Tools\MSVC\14.29.30133\include\vector(748): message : see reference to function template instantiation 'void std::vector<PhysicEntity *,std::allocator<PhysicEntity *>>::emplace_back<PhysicEntity*>(PhysicEntity *&&)' being compiled
C:\Program Files (x86)\Microsoft Visual Studio\2019\Community\VC\Tools\MSVC\14.29.30133\include\vector(746): message : while compiling class template member function 'void std::vector<PhysicEntity *,std::allocator<PhysicEntity *>>::push_back(_Ty &&)'
          with
          [
              _Ty=PhysicEntity *
          ]
C:\Users\joanmb11\Documents\GitHub\FisicaWorms\Fisica Worms\Physics II - 2D Project Clean Template\ModuleSceneIntro.cpp(97): message : see reference to function template instantiation 'void std::vector<PhysicEntity *,std::allocator<PhysicEntity *>>::push_back(_Ty &&)' being compiled
          with
          [
              _Ty=PhysicEntity *
          ]
C:\Users\joanmb11\Documents\GitHub\FisicaWorms\Fisica Worms\Physics II - 2D Project Clean Template\ModulePhysics.h(65): message : see reference to class template instantiation 'std::vector<PhysicEntity *,std::allocator<PhysicEntity *>>' being compiled
  ModuleTextures.cpp
  ModuleWindow.cpp
  PhysicEntity.cpp
C:\Users\joanmb11\Documents\GitHub\FisicaWorms\Fisica Worms\Physics II - 2D Project Clean Template\PhysicEntity.cpp(29,27): warning C4244: '=': conversion from 'double' to 'TYPE', possible loss of data
          with
          [
              TYPE=float
          ]
C:\Users\joanmb11\Documents\GitHub\FisicaWorms\Fisica Worms\Physics II - 2D Project Clean Template\PhysicEntity.cpp(30,55): warning C4244: '=': conversion from 'double' to 'TYPE', possible loss of data
          with
          [
              TYPE=float
          ]
  Terrain.cpp
C:\Users\joanmb11\Documents\GitHub\FisicaWorms\Fisica Worms\Physics II - 2D Project Clean Template\Terrain.cpp(5,25): warning C4244: '=': conversion from 'int' to 'TYPE', possible loss of data
          with
          [
              TYPE=float
          ]
C:\Users\joanmb11\Documents\GitHub\FisicaWorms\Fisica Worms\Physics II - 2D Project Clean Template\Terrain.cpp(6,25): warning C4244: '=': conversion from 'int' to 'TYPE', possible loss of data
          with
          [
              TYPE=float
          ]
  log.cpp
  Generating code
  7 of 228 functions ( 3.1%) were compiled, the rest were copied from previous compilation.
    0 functions were new in current compilation
    2 functions had inline decision re-evaluated but remain unchanged
  Finished generating code
  SDL Game.vcxproj -> C:\Users\joanmb11\Documents\GitHub\FisicaWorms\Fisica Worms\Physics II - 2D Project Clean Template\Release\Physics 2.exe
